
8월 02, 2019 09:28:50.40 NEW SESSION
8월 02, 2019 09:28:50.40 [5900:4128:0802/092850.403:ERROR:component_installer.cc(327)] Failed to read manifest or verify installation for Signed Tree Heads (C:\Users\student\AppData\Local\Google\Chrome\User Data\CertificateTransparency\1198).: 지정된 파일을 찾을 수 없습니다. (0x2)
8월 02, 2019 09:29:37.15 [5900:5876:0802/092937.150:ERROR:connection_factory_impl.cc(413)] Failed to connect to MCS endpoint with error -118
8월 02, 2019 09:30:34.93 [5900:6096:0802/093034.934:ERROR:page_load_metrics_update_dispatcher.cc(76)] Invalid response_start 0.695 s for parse_start 0.693 s
8월 02, 2019 09:30:35.93 [5900:6096:0802/093035.934:ERROR:page_load_metrics_update_dispatcher.cc(76)] Invalid response_start 0.695 s for parse_start 0.693 s
8월 02, 2019 09:30:36.91 [5900:6096:0802/093036.918:ERROR:page_load_metrics_update_dispatcher.cc(76)] Invalid response_start 0.695 s for parse_start 0.693 s
8월 02, 2019 09:30:36.92 [5900:6096:0802/093036.918:ERROR:page_load_metrics_update_dispatcher.cc(76)] Invalid response_start 0.695 s for parse_start 0.693 s
8월 02, 2019 09:30:37.68 [5900:6096:0802/093037.686:ERROR:page_load_metrics_update_dispatcher.cc(76)] Invalid response_start 0.031 s for parse_start 0.025 s
8월 02, 2019 09:30:38.68 [5900:6096:0802/093038.686:ERROR:page_load_metrics_update_dispatcher.cc(76)] Invalid response_start 0.031 s for parse_start 0.025 s
8월 02, 2019 09:30:39.48 [5900:6096:0802/093039.482:ERROR:page_load_metrics_update_dispatcher.cc(76)] Invalid response_start 0.031 s for parse_start 0.025 s
8월 02, 2019 09:30:39.48 [5900:6096:0802/093039.482:ERROR:page_load_metrics_update_dispatcher.cc(76)] Invalid response_start 0.031 s for parse_start 0.025 s
8월 02, 2019 09:30:42.01 [5900:6096:0802/093042.011:ERROR:page_load_metrics_update_dispatcher.cc(76)] Invalid response_start 0.031 s for parse_start 0.025 s
8월 02, 2019 09:30:43.01 [5900:6096:0802/093043.011:ERROR:page_load_metrics_update_dispatcher.cc(76)] Invalid response_start 0.031 s for parse_start 0.025 s
8월 02, 2019 09:30:43.66 [5900:6096:0802/093043.662:ERROR:page_load_metrics_update_dispatcher.cc(76)] Invalid response_start 0.031 s for parse_start 0.025 s
8월 02, 2019 09:30:43.66 [5900:6096:0802/093043.662:ERROR:page_load_metrics_update_dispatcher.cc(76)] Invalid response_start 0.031 s for parse_start 0.025 s
8월 02, 2019 10:01:59.45 [5900:6096:0802/100159.456:ERROR:page_load_metrics_update_dispatcher.cc(76)] Invalid response_start 0.333 s for parse_start 0.33 s
8월 02, 2019 10:01:59.46 [5900:6096:0802/100159.457:ERROR:page_load_metrics_update_dispatcher.cc(76)] Invalid response_start 0.333 s for parse_start 0.33 s
8월 02, 2019 10:02:00.47 [5900:6096:0802/100200.478:ERROR:page_load_metrics_update_dispatcher.cc(76)] Invalid response_start 0.333 s for parse_start 0.33 s
8월 02, 2019 10:02:01.47 [5900:6096:0802/100201.478:ERROR:page_load_metrics_update_dispatcher.cc(76)] Invalid response_start 0.333 s for parse_start 0.33 s
8월 02, 2019 10:02:01.56 [5900:6096:0802/100201.565:ERROR:page_load_metrics_update_dispatcher.cc(76)] Invalid response_start 0.333 s for parse_start 0.33 s
8월 02, 2019 10:02:01.56 [5900:6096:0802/100201.565:ERROR:page_load_metrics_update_dispatcher.cc(76)] Invalid response_start 0.333 s for parse_start 0.33 s
8월 02, 2019 10:02:04.02 [5900:6096:0802/100204.026:ERROR:page_load_metrics_update_dispatcher.cc(76)] Invalid response_start 0.333 s for parse_start 0.33 s
8월 02, 2019 10:02:06.45 [5900:6096:0802/100206.459:ERROR:page_load_metrics_update_dispatcher.cc(76)] Invalid response_start 0.333 s for parse_start 0.33 s
8월 02, 2019 10:02:06.46 [5900:6096:0802/100206.459:ERROR:page_load_metrics_update_dispatcher.cc(76)] Invalid response_start 0.333 s for parse_start 0.33 s
8월 02, 2019 10:02:13.44 [5900:6096:0802/100213.441:ERROR:page_load_metrics_update_dispatcher.cc(76)] Invalid response_start 0.333 s for parse_start 0.33 s
8월 02, 2019 10:02:14.44 [5900:6096:0802/100214.441:ERROR:page_load_metrics_update_dispatcher.cc(76)] Invalid response_start 0.333 s for parse_start 0.33 s
8월 02, 2019 10:02:14.45 [5900:6096:0802/100214.452:ERROR:page_load_metrics_update_dispatcher.cc(76)] Invalid response_start 0.333 s for parse_start 0.33 s
8월 02, 2019 10:02:19.71 [5900:6096:0802/100219.717:ERROR:page_load_metrics_update_dispatcher.cc(76)] Invalid response_start 0.333 s for parse_start 0.33 s
8월 02, 2019 10:02:19.72 [5900:6096:0802/100219.717:ERROR:page_load_metrics_update_dispatcher.cc(76)] Invalid response_start 0.333 s for parse_start 0.33 s
8월 02, 2019 10:02:21.09 [5900:6096:0802/100221.092:ERROR:page_load_metrics_update_dispatcher.cc(76)] Invalid response_start 0.333 s for parse_start 0.33 s
8월 02, 2019 10:02:23.51 [5900:6096:0802/100223.519:ERROR:page_load_metrics_update_dispatcher.cc(76)] Invalid response_start 0.333 s for parse_start 0.33 s
8월 02, 2019 10:02:25.25 [5900:6096:0802/100225.253:ERROR:page_load_metrics_update_dispatcher.cc(76)] Invalid response_start 0.333 s for parse_start 0.33 s
8월 02, 2019 10:02:26.97 [5900:6096:0802/100226.975:ERROR:page_load_metrics_update_dispatcher.cc(76)] Invalid response_start 0.333 s for parse_start 0.33 s
8월 02, 2019 10:02:51.64 [5900:6096:0802/100251.647:ERROR:page_load_metrics_update_dispatcher.cc(76)] Invalid response_start 0.661 s for parse_start 0.656 s
8월 02, 2019 10:02:51.65 [5900:6096:0802/100251.647:ERROR:page_load_metrics_update_dispatcher.cc(76)] Invalid response_start 0.661 s for parse_start 0.656 s
8월 02, 2019 10:02:53.23 [5900:6096:0802/100253.239:ERROR:page_load_metrics_update_dispatcher.cc(76)] Invalid response_start 0.661 s for parse_start 0.656 s
8월 02, 2019 10:02:54.23 [5900:6096:0802/100254.239:ERROR:page_load_metrics_update_dispatcher.cc(76)] Invalid response_start 0.661 s for parse_start 0.656 s
8월 02, 2019 10:02:54.24 [5900:6096:0802/100254.246:ERROR:page_load_metrics_update_dispatcher.cc(76)] Invalid response_start 0.661 s for parse_start 0.656 s
8월 02, 2019 10:02:54.24 [5900:6096:0802/100254.246:ERROR:page_load_metrics_update_dispatcher.cc(76)] Invalid response_start 0.661 s for parse_start 0.656 s
8월 02, 2019 10:02:55.61 [5900:6096:0802/100255.619:ERROR:page_load_metrics_update_dispatcher.cc(76)] Invalid response_start 0.661 s for parse_start 0.656 s
8월 02, 2019 10:02:56.98 [5900:6096:0802/100256.987:ERROR:page_load_metrics_update_dispatcher.cc(76)] Invalid response_start 0.661 s for parse_start 0.656 s
8월 02, 2019 10:02:57.98 [5900:6096:0802/100257.987:ERROR:page_load_metrics_update_dispatcher.cc(76)] Invalid response_start 0.661 s for parse_start 0.656 s
8월 02, 2019 10:02:58.03 [5900:6096:0802/100258.034:ERROR:page_load_metrics_update_dispatcher.cc(76)] Invalid response_start 0.661 s for parse_start 0.656 s
8월 02, 2019 10:02:59.24 [5900:6096:0802/100259.249:ERROR:page_load_metrics_update_dispatcher.cc(76)] Invalid response_start 0.661 s for parse_start 0.656 s
8월 02, 2019 10:02:59.25 [5900:6096:0802/100259.249:ERROR:page_load_metrics_update_dispatcher.cc(76)] Invalid response_start 0.661 s for parse_start 0.656 s
8월 02, 2019 10:03:01.80 [5900:6096:0802/100301.801:ERROR:page_load_metrics_update_dispatcher.cc(76)] Invalid response_start 0.661 s for parse_start 0.656 s
8월 02, 2019 10:03:03.02 [5900:6096:0802/100303.023:ERROR:page_load_metrics_update_dispatcher.cc(76)] Invalid response_start 0.025 s for parse_start 0.024 s
8월 02, 2019 10:03:03.02 [5900:6096:0802/100303.023:ERROR:page_load_metrics_update_dispatcher.cc(76)] Invalid response_start 0.025 s for parse_start 0.024 s
8월 02, 2019 10:03:03.49 [5900:6096:0802/100303.494:ERROR:page_load_metrics_update_dispatcher.cc(76)] Invalid response_start 0.469 s for parse_start 0.468 s
8월 02, 2019 10:03:03.49 [5900:6096:0802/100303.494:ERROR:page_load_metrics_update_dispatcher.cc(76)] Invalid response_start 0.469 s for parse_start 0.468 s
8월 02, 2019 10:03:04.51 [5900:6096:0802/100304.518:ERROR:page_load_metrics_update_dispatcher.cc(76)] Invalid response_start 0.469 s for parse_start 0.468 s
8월 02, 2019 10:03:05.51 [5900:6096:0802/100305.518:ERROR:page_load_metrics_update_dispatcher.cc(76)] Invalid response_start 0.469 s for parse_start 0.468 s
8월 02, 2019 10:03:05.65 [5900:6096:0802/100305.658:ERROR:page_load_metrics_update_dispatcher.cc(76)] Invalid response_start 0.469 s for parse_start 0.468 s
8월 02, 2019 10:03:05.66 [5900:6096:0802/100305.658:ERROR:page_load_metrics_update_dispatcher.cc(76)] Invalid response_start 0.469 s for parse_start 0.468 s
8월 02, 2019 10:03:07.03 [5900:6096:0802/100307.033:ERROR:page_load_metrics_update_dispatcher.cc(76)] Invalid response_start 0.469 s for parse_start 0.468 s
8월 02, 2019 10:03:07.03 [5900:6096:0802/100307.034:ERROR:page_load_metrics_update_dispatcher.cc(76)] Invalid response_start 0.469 s for parse_start 0.468 s
8월 02, 2019 10:03:08.10 [5900:6096:0802/100308.106:ERROR:page_load_metrics_update_dispatcher.cc(76)] Invalid response_start 0.469 s for parse_start 0.468 s
8월 02, 2019 10:03:08.10 [5900:6096:0802/100308.106:ERROR:page_load_metrics_update_dispatcher.cc(76)] Invalid response_start 0.469 s for parse_start 0.468 s
8월 02, 2019 10:03:10.15 [5900:6096:0802/100310.158:ERROR:page_load_metrics_update_dispatcher.cc(76)] Invalid response_start 0.469 s for parse_start 0.468 s
8월 02, 2019 10:03:11.31 [5900:6096:0802/100311.315:ERROR:page_load_metrics_update_dispatcher.cc(76)] Invalid response_start 0.469 s for parse_start 0.468 s
8월 02, 2019 10:03:12.31 [5900:6096:0802/100312.315:ERROR:page_load_metrics_update_dispatcher.cc(76)] Invalid response_start 0.469 s for parse_start 0.468 s
8월 02, 2019 10:03:12.32 [5900:6096:0802/100312.321:ERROR:page_load_metrics_update_dispatcher.cc(76)] Invalid response_start 0.469 s for parse_start 0.468 s
8월 02, 2019 10:03:12.32 [5900:6096:0802/100312.321:ERROR:page_load_metrics_update_dispatcher.cc(76)] Invalid response_start 0.469 s for parse_start 0.468 s
8월 02, 2019 10:03:13.45 [5900:6096:0802/100313.457:ERROR:page_load_metrics_update_dispatcher.cc(76)] Invalid response_start 0.469 s for parse_start 0.468 s
8월 02, 2019 10:03:14.49 [5900:6096:0802/100314.492:ERROR:page_load_metrics_update_dispatcher.cc(76)] Invalid response_start 0.469 s for parse_start 0.468 s
8월 02, 2019 10:03:15.54 [5900:6096:0802/100315.549:ERROR:page_load_metrics_update_dispatcher.cc(76)] Invalid response_start 0.469 s for parse_start 0.468 s
8월 02, 2019 10:03:16.65 [5900:6096:0802/100316.650:ERROR:page_load_metrics_update_dispatcher.cc(76)] Invalid response_start 0.469 s for parse_start 0.468 s
8월 02, 2019 10:03:18.07 [5900:6096:0802/100318.079:ERROR:page_load_metrics_update_dispatcher.cc(76)] Invalid response_start 0.469 s for parse_start 0.468 s
8월 02, 2019 10:03:19.20 [5900:6096:0802/100319.202:ERROR:page_load_metrics_update_dispatcher.cc(76)] Invalid response_start 0.469 s for parse_start 0.468 s
8월 02, 2019 10:03:20.22 [5900:6096:0802/100320.223:ERROR:page_load_metrics_update_dispatcher.cc(76)] Invalid response_start 0.469 s for parse_start 0.468 s
8월 02, 2019 10:03:21.24 [5900:6096:0802/100321.245:ERROR:page_load_metrics_update_dispatcher.cc(76)] Invalid response_start 0.469 s for parse_start 0.468 s
8월 02, 2019 10:03:22.33 [5900:6096:0802/100322.334:ERROR:page_load_metrics_update_dispatcher.cc(76)] Invalid response_start 0.469 s for parse_start 0.468 s
8월 02, 2019 10:03:23.73 [5900:6096:0802/100323.732:ERROR:page_load_metrics_update_dispatcher.cc(76)] Invalid response_start 0.469 s for parse_start 0.468 s
8월 02, 2019 10:03:25.17 [5900:6096:0802/100325.177:ERROR:page_load_metrics_update_dispatcher.cc(76)] Invalid response_start 0.469 s for parse_start 0.468 s
8월 02, 2019 10:03:26.59 [5900:6096:0802/100326.592:ERROR:page_load_metrics_update_dispatcher.cc(76)] Invalid response_start 0.469 s for parse_start 0.468 s
8월 02, 2019 10:03:27.71 [5900:6096:0802/100327.718:ERROR:page_load_metrics_update_dispatcher.cc(76)] Invalid response_start 0.469 s for parse_start 0.468 s
8월 02, 2019 10:03:28.79 [5900:6096:0802/100328.790:ERROR:page_load_metrics_update_dispatcher.cc(76)] Invalid response_start 0.469 s for parse_start 0.468 s
8월 02, 2019 10:03:29.85 [5900:6096:0802/100329.856:ERROR:page_load_metrics_update_dispatcher.cc(76)] Invalid response_start 0.469 s for parse_start 0.468 s
8월 02, 2019 10:03:31.15 [5900:6096:0802/100331.149:ERROR:page_load_metrics_update_dispatcher.cc(76)] Invalid response_start 0.469 s for parse_start 0.468 s
8월 02, 2019 10:03:32.22 [5900:6096:0802/100332.219:ERROR:page_load_metrics_update_dispatcher.cc(76)] Invalid response_start 0.469 s for parse_start 0.468 s
8월 02, 2019 10:03:33.67 [5900:6096:0802/100333.672:ERROR:page_load_metrics_update_dispatcher.cc(76)] Invalid response_start 0.469 s for parse_start 0.468 s
8월 02, 2019 10:03:35.05 [5900:6096:0802/100335.057:ERROR:page_load_metrics_update_dispatcher.cc(76)] Invalid response_start 0.469 s for parse_start 0.468 s
8월 02, 2019 10:03:37.58 [5900:6096:0802/100337.586:ERROR:page_load_metrics_update_dispatcher.cc(76)] Invalid response_start 0.469 s for parse_start 0.468 s
8월 02, 2019 10:03:39.52 [5900:6096:0802/100339.524:ERROR:page_load_metrics_update_dispatcher.cc(76)] Invalid response_start 0.469 s for parse_start 0.468 s
8월 02, 2019 10:03:47.27 [5900:6096:0802/100347.278:ERROR:page_load_metrics_update_dispatcher.cc(76)] Invalid response_start 0.051 s for parse_start 0.05 s
8월 02, 2019 10:03:48.27 [5900:6096:0802/100348.278:ERROR:page_load_metrics_update_dispatcher.cc(76)] Invalid response_start 0.051 s for parse_start 0.05 s
8월 02, 2019 10:03:48.95 [5900:6096:0802/100348.957:ERROR:page_load_metrics_update_dispatcher.cc(76)] Invalid response_start 0.051 s for parse_start 0.05 s
8월 02, 2019 10:03:48.96 [5900:6096:0802/100348.957:ERROR:page_load_metrics_update_dispatcher.cc(76)] Invalid response_start 0.051 s for parse_start 0.05 s
8월 02, 2019 10:03:53.78 [5900:6096:0802/100353.781:ERROR:page_load_metrics_update_dispatcher.cc(76)] Invalid response_start 0.146 s for parse_start 0.142 s
8월 02, 2019 10:03:53.78 [5900:6096:0802/100353.781:ERROR:page_load_metrics_update_dispatcher.cc(76)] Invalid response_start 0.146 s for parse_start 0.142 s
8월 02, 2019 10:03:54.80 [5900:6096:0802/100354.806:ERROR:page_load_metrics_update_dispatcher.cc(76)] Invalid response_start 0.146 s for parse_start 0.142 s
8월 02, 2019 10:03:55.80 [5900:6096:0802/100355.806:ERROR:page_load_metrics_update_dispatcher.cc(76)] Invalid response_start 0.146 s for parse_start 0.142 s
8월 02, 2019 10:03:55.81 [5900:6096:0802/100355.817:ERROR:page_load_metrics_update_dispatcher.cc(76)] Invalid response_start 0.146 s for parse_start 0.142 s
8월 02, 2019 10:03:55.82 [5900:6096:0802/100355.817:ERROR:page_load_metrics_update_dispatcher.cc(76)] Invalid response_start 0.146 s for parse_start 0.142 s
8월 02, 2019 10:03:58.07 [5900:6096:0802/100358.074:ERROR:page_load_metrics_update_dispatcher.cc(76)] Invalid response_start 0.146 s for parse_start 0.142 s
8월 02, 2019 10:03:59.07 [5900:6096:0802/100359.074:ERROR:page_load_metrics_update_dispatcher.cc(76)] Invalid response_start 0.146 s for parse_start 0.142 s
8월 02, 2019 10:04:00.13 [5900:6096:0802/100400.138:ERROR:page_load_metrics_update_dispatcher.cc(76)] Invalid response_start 0.146 s for parse_start 0.142 s
8월 02, 2019 10:04:00.14 [5900:6096:0802/100400.138:ERROR:page_load_metrics_update_dispatcher.cc(76)] Invalid response_start 0.146 s for parse_start 0.142 s
8월 02, 2019 10:04:01.37 [5900:6096:0802/100401.371:ERROR:page_load_metrics_update_dispatcher.cc(76)] Invalid response_start 0.146 s for parse_start 0.142 s
8월 02, 2019 10:04:03.35 [5900:6096:0802/100403.355:ERROR:page_load_metrics_update_dispatcher.cc(76)] Invalid response_start 0.146 s for parse_start 0.142 s
8월 02, 2019 10:50:12.25 [5900:6096:0802/105012.255:ERROR:CONSOLE(279)] "Failed to execute 'postMessage' on 'DOMWindow': The target origin provided ('https://www.google.com') does not match the recipient window's origin ('chrome-search://local-ntp').", source: chrome-search://most-visited/single.js (279)
8월 02, 2019 12:33:06.82 [5900:6096:0802/123306.826:ERROR:page_load_metrics_update_dispatcher.cc(76)] Invalid response_start 0.251 s for parse_start 0.25 s
8월 02, 2019 12:33:06.82 [5900:6096:0802/123306.826:ERROR:page_load_metrics_update_dispatcher.cc(76)] Invalid response_start 0.251 s for parse_start 0.25 s
8월 02, 2019 12:33:07.87 [5900:6096:0802/123307.875:ERROR:page_load_metrics_update_dispatcher.cc(76)] Invalid response_start 0.251 s for parse_start 0.25 s
8월 02, 2019 12:33:08.87 [5900:6096:0802/123308.876:ERROR:page_load_metrics_update_dispatcher.cc(76)] Invalid response_start 0.251 s for parse_start 0.25 s
8월 02, 2019 12:33:10.18 [5900:6096:0802/123310.186:ERROR:page_load_metrics_update_dispatcher.cc(76)] Invalid response_start 0.251 s for parse_start 0.25 s
8월 02, 2019 12:33:11.18 [5900:6096:0802/123311.186:ERROR:page_load_metrics_update_dispatcher.cc(76)] Invalid response_start 0.251 s for parse_start 0.25 s
8월 02, 2019 12:33:12.48 [5900:6096:0802/123312.484:ERROR:page_load_metrics_update_dispatcher.cc(76)] Invalid response_start 0.251 s for parse_start 0.25 s
8월 02, 2019 12:33:12.48 [5900:6096:0802/123312.484:ERROR:page_load_metrics_update_dispatcher.cc(76)] Invalid response_start 0.251 s for parse_start 0.25 s
8월 02, 2019 12:33:13.51 [5900:6096:0802/123313.510:ERROR:page_load_metrics_update_dispatcher.cc(76)] Invalid response_start 0.251 s for parse_start 0.25 s
8월 02, 2019 12:33:13.51 [5900:6096:0802/123313.510:ERROR:page_load_metrics_update_dispatcher.cc(76)] Invalid response_start 0.251 s for parse_start 0.25 s
8월 02, 2019 12:33:14.55 [5900:6096:0802/123314.553:ERROR:page_load_metrics_update_dispatcher.cc(76)] Invalid response_start 0.251 s for parse_start 0.25 s
8월 02, 2019 12:33:18.24 [5900:6096:0802/123318.246:ERROR:page_load_metrics_update_dispatcher.cc(76)] Invalid response_start 0.251 s for parse_start 0.25 s
8월 02, 2019 12:33:20.08 [5900:6096:0802/123320.085:ERROR:page_load_metrics_update_dispatcher.cc(76)] Invalid response_start 0.251 s for parse_start 0.25 s
8월 02, 2019 12:33:21.13 [5900:6096:0802/123321.133:ERROR:page_load_metrics_update_dispatcher.cc(76)] Invalid response_start 0.251 s for parse_start 0.25 s
8월 02, 2019 12:33:27.25 [5900:6096:0802/123327.252:ERROR:page_load_metrics_update_dispatcher.cc(76)] Invalid response_start 0.251 s for parse_start 0.25 s
8월 02, 2019 12:33:28.56 [5900:6096:0802/123328.564:ERROR:page_load_metrics_update_dispatcher.cc(76)] Invalid response_start 0.251 s for parse_start 0.25 s
8월 02, 2019 12:33:32.39 [5900:6096:0802/123332.397:ERROR:page_load_metrics_update_dispatcher.cc(76)] Invalid response_start 0.251 s for parse_start 0.25 s
8월 02, 2019 12:33:33.85 [5900:6096:0802/123333.855:ERROR:page_load_metrics_update_dispatcher.cc(76)] Invalid response_start 0.251 s for parse_start 0.25 s
8월 02, 2019 12:43:44.69 [5900:6096:0802/124344.697:ERROR:page_load_metrics_update_dispatcher.cc(76)] Invalid response_start 0.139 s for parse_start 0.136 s
8월 02, 2019 12:43:44.70 [5900:6096:0802/124344.697:ERROR:page_load_metrics_update_dispatcher.cc(76)] Invalid response_start 0.139 s for parse_start 0.136 s
8월 02, 2019 12:43:45.72 [5900:6096:0802/124345.729:ERROR:page_load_metrics_update_dispatcher.cc(76)] Invalid response_start 0.139 s for parse_start 0.136 s
8월 02, 2019 12:43:46.72 [5900:6096:0802/124346.729:ERROR:page_load_metrics_update_dispatcher.cc(76)] Invalid response_start 0.139 s for parse_start 0.136 s
8월 02, 2019 12:43:46.73 [5900:6096:0802/124346.729:ERROR:page_load_metrics_update_dispatcher.cc(76)] Invalid response_start 0.139 s for parse_start 0.136 s
8월 02, 2019 12:43:46.73 [5900:6096:0802/124346.729:ERROR:page_load_metrics_update_dispatcher.cc(76)] Invalid response_start 0.139 s for parse_start 0.136 s
8월 02, 2019 12:43:47.91 [5900:6096:0802/124347.909:ERROR:page_load_metrics_update_dispatcher.cc(76)] Invalid response_start 0.139 s for parse_start 0.136 s
8월 02, 2019 12:43:50.46 [5900:6096:0802/124350.468:ERROR:page_load_metrics_update_dispatcher.cc(76)] Invalid response_start 0.139 s for parse_start 0.136 s
8월 02, 2019 12:43:51.46 [5900:6096:0802/124351.468:ERROR:page_load_metrics_update_dispatcher.cc(76)] Invalid response_start 0.139 s for parse_start 0.136 s
8월 02, 2019 12:43:51.77 [5900:6096:0802/124351.777:ERROR:page_load_metrics_update_dispatcher.cc(76)] Invalid response_start 0.139 s for parse_start 0.136 s
8월 02, 2019 12:43:51.78 [5900:6096:0802/124351.777:ERROR:page_load_metrics_update_dispatcher.cc(76)] Invalid response_start 0.139 s for parse_start 0.136 s
8월 02, 2019 12:43:55.76 [5900:6096:0802/124355.760:ERROR:page_load_metrics_update_dispatcher.cc(76)] Invalid response_start 0.125 s for parse_start 0.122 s
8월 02, 2019 12:43:55.76 [5900:6096:0802/124355.760:ERROR:page_load_metrics_update_dispatcher.cc(76)] Invalid response_start 0.125 s for parse_start 0.122 s
8월 02, 2019 12:43:56.61 [5900:6096:0802/124356.613:ERROR:page_load_metrics_update_dispatcher.cc(76)] Invalid response_start 0.139 s for parse_start 0.136 s
8월 02, 2019 12:43:56.76 [5900:6096:0802/124356.764:ERROR:page_load_metrics_update_dispatcher.cc(76)] Invalid response_start 0.125 s for parse_start 0.122 s
8월 02, 2019 12:43:57.76 [5900:6096:0802/124357.764:ERROR:page_load_metrics_update_dispatcher.cc(76)] Invalid response_start 0.125 s for parse_start 0.122 s
8월 02, 2019 12:43:57.80 [5900:6096:0802/124357.808:ERROR:page_load_metrics_update_dispatcher.cc(76)] Invalid response_start 0.125 s for parse_start 0.122 s
8월 02, 2019 12:43:57.81 [5900:6096:0802/124357.808:ERROR:page_load_metrics_update_dispatcher.cc(76)] Invalid response_start 0.125 s for parse_start 0.122 s
8월 02, 2019 12:43:58.89 [5900:6096:0802/124358.897:ERROR:page_load_metrics_update_dispatcher.cc(76)] Invalid response_start 0.125 s for parse_start 0.122 s
8월 02, 2019 12:43:59.89 [5900:6096:0802/124359.897:ERROR:page_load_metrics_update_dispatcher.cc(76)] Invalid response_start 0.125 s for parse_start 0.122 s
8월 02, 2019 12:44:02.24 [5900:6096:0802/124402.249:ERROR:page_load_metrics_update_dispatcher.cc(76)] Invalid response_start 0.125 s for parse_start 0.122 s
8월 02, 2019 12:44:02.25 [5900:6096:0802/124402.249:ERROR:page_load_metrics_update_dispatcher.cc(76)] Invalid response_start 0.125 s for parse_start 0.122 s
8월 02, 2019 12:44:03.50 [5900:6096:0802/124403.503:ERROR:page_load_metrics_update_dispatcher.cc(76)] Invalid response_start 0.125 s for parse_start 0.122 s
8월 02, 2019 12:44:06.88 [5900:6096:0802/124406.880:ERROR:page_load_metrics_update_dispatcher.cc(76)] Invalid response_start 0.125 s for parse_start 0.122 s
8월 02, 2019 12:44:08.27 [5900:6096:0802/124408.270:ERROR:page_load_metrics_update_dispatcher.cc(76)] Invalid response_start 0.125 s for parse_start 0.122 s
8월 02, 2019 12:44:09.46 [5900:6096:0802/124409.469:ERROR:page_load_metrics_update_dispatcher.cc(76)] Invalid response_start 0.125 s for parse_start 0.122 s
8월 02, 2019 12:44:28.78 [5900:6096:0802/124428.785:ERROR:page_load_metrics_update_dispatcher.cc(76)] Invalid response_start 0.113 s for parse_start 0.106 s
8월 02, 2019 12:44:28.78 [5900:6096:0802/124428.785:ERROR:page_load_metrics_update_dispatcher.cc(76)] Invalid response_start 0.113 s for parse_start 0.106 s
8월 02, 2019 12:44:28.95 [5900:6096:0802/124428.954:ERROR:page_load_metrics_update_dispatcher.cc(76)] Invalid response_start 0.111 s for parse_start 0.108 s
8월 02, 2019 12:44:28.95 [5900:6096:0802/124428.954:ERROR:page_load_metrics_update_dispatcher.cc(76)] Invalid response_start 0.111 s for parse_start 0.108 s
8월 02, 2019 12:46:19.30 [5900:6096:0802/124619.304:ERROR:page_load_metrics_update_dispatcher.cc(76)] Invalid response_start 0.125 s for parse_start 0.122 s
8월 02, 2019 12:49:24.30 [5900:6096:0802/124924.300:ERROR:page_load_metrics_update_dispatcher.cc(76)] Invalid response_start 0.125 s for parse_start 0.122 s
8월 02, 2019 12:58:37.34 [5900:6096:0802/125837.341:ERROR:page_load_metrics_update_dispatcher.cc(76)] Invalid response_start 0.622 s for parse_start 0.619 s
8월 02, 2019 12:58:37.34 [5900:6096:0802/125837.341:ERROR:page_load_metrics_update_dispatcher.cc(76)] Invalid response_start 0.622 s for parse_start 0.619 s
8월 02, 2019 12:58:38.34 [5900:6096:0802/125838.344:ERROR:page_load_metrics_update_dispatcher.cc(76)] Invalid response_start 0.622 s for parse_start 0.619 s
8월 02, 2019 12:58:39.34 [5900:6096:0802/125839.344:ERROR:page_load_metrics_update_dispatcher.cc(76)] Invalid response_start 0.622 s for parse_start 0.619 s
8월 02, 2019 12:58:39.50 [5900:6096:0802/125839.505:ERROR:page_load_metrics_update_dispatcher.cc(76)] Invalid response_start 0.622 s for parse_start 0.619 s
8월 02, 2019 12:58:39.50 [5900:6096:0802/125839.505:ERROR:page_load_metrics_update_dispatcher.cc(76)] Invalid response_start 0.622 s for parse_start 0.619 s
8월 02, 2019 12:58:41.04 [5900:6096:0802/125841.048:ERROR:page_load_metrics_update_dispatcher.cc(76)] Invalid response_start 0.622 s for parse_start 0.619 s
8월 02, 2019 12:58:43.48 [5900:6096:0802/125843.482:ERROR:page_load_metrics_update_dispatcher.cc(76)] Invalid response_start 0.622 s for parse_start 0.619 s
8월 02, 2019 12:58:47.04 [5900:6096:0802/125847.045:ERROR:page_load_metrics_update_dispatcher.cc(76)] Invalid response_start 0.622 s for parse_start 0.619 s
8월 02, 2019 12:58:48.04 [5900:6096:0802/125848.045:ERROR:page_load_metrics_update_dispatcher.cc(76)] Invalid response_start 0.622 s for parse_start 0.619 s
8월 02, 2019 12:58:52.16 [5900:6096:0802/125852.162:ERROR:page_load_metrics_update_dispatcher.cc(76)] Invalid response_start 0.622 s for parse_start 0.619 s
8월 02, 2019 12:58:57.17 [5900:6096:0802/125857.179:ERROR:page_load_metrics_update_dispatcher.cc(76)] Invalid response_start 0.622 s for parse_start 0.619 s
8월 02, 2019 12:58:57.18 [5900:6096:0802/125857.179:ERROR:page_load_metrics_update_dispatcher.cc(76)] Invalid response_start 0.622 s for parse_start 0.619 s
8월 02, 2019 12:59:18.29 [5900:6096:0802/125918.298:ERROR:page_load_metrics_update_dispatcher.cc(76)] Invalid response_start 0.622 s for parse_start 0.619 s
8월 02, 2019 13:02:03.29 [5900:6096:0802/130203.297:ERROR:page_load_metrics_update_dispatcher.cc(76)] Invalid response_start 0.622 s for parse_start 0.619 s
8월 02, 2019 13:04:53.14 [5900:6096:0802/130453.147:ERROR:page_load_metrics_update_dispatcher.cc(76)] Invalid response_start 0.075 s for parse_start 0.073 s
8월 02, 2019 13:04:53.15 [5900:6096:0802/130453.147:ERROR:page_load_metrics_update_dispatcher.cc(76)] Invalid response_start 0.075 s for parse_start 0.073 s
8월 02, 2019 13:04:54.14 [5900:6096:0802/130454.147:ERROR:page_load_metrics_update_dispatcher.cc(76)] Invalid response_start 0.075 s for parse_start 0.073 s
8월 02, 2019 13:04:55.14 [5900:6096:0802/130455.147:ERROR:page_load_metrics_update_dispatcher.cc(76)] Invalid response_start 0.075 s for parse_start 0.073 s
8월 02, 2019 13:04:57.66 [5900:6096:0802/130457.659:ERROR:page_load_metrics_update_dispatcher.cc(76)] Invalid response_start 0.075 s for parse_start 0.073 s
8월 02, 2019 13:04:59.41 [5900:6096:0802/130459.411:ERROR:page_load_metrics_update_dispatcher.cc(76)] Invalid response_start 0.075 s for parse_start 0.073 s
8월 02, 2019 13:04:59.41 [5900:6096:0802/130459.411:ERROR:page_load_metrics_update_dispatcher.cc(76)] Invalid response_start 0.075 s for parse_start 0.073 s
8월 02, 2019 13:05:15.83 [5900:6096:0802/130515.835:ERROR:page_load_metrics_update_dispatcher.cc(76)] Invalid response_start 0.075 s for parse_start 0.073 s
8월 02, 2019 13:05:16.83 [5900:6096:0802/130516.836:ERROR:page_load_metrics_update_dispatcher.cc(76)] Invalid response_start 0.075 s for parse_start 0.073 s
8월 02, 2019 13:05:39.15 [5900:6096:0802/130539.158:ERROR:page_load_metrics_update_dispatcher.cc(76)] Invalid response_start 0.841 s for parse_start 0.836 s
8월 02, 2019 13:05:39.16 [5900:6096:0802/130539.158:ERROR:page_load_metrics_update_dispatcher.cc(76)] Invalid response_start 0.841 s for parse_start 0.836 s
8월 02, 2019 13:05:39.25 [5900:6096:0802/130539.259:ERROR:page_load_metrics_update_dispatcher.cc(76)] Invalid response_start 0.075 s for parse_start 0.073 s
8월 02, 2019 13:05:40.15 [5900:6096:0802/130540.157:ERROR:page_load_metrics_update_dispatcher.cc(76)] Invalid response_start 0.841 s for parse_start 0.836 s
8월 02, 2019 13:05:41.15 [5900:6096:0802/130541.157:ERROR:page_load_metrics_update_dispatcher.cc(76)] Invalid response_start 0.841 s for parse_start 0.836 s
8월 02, 2019 13:05:45.16 [5900:6096:0802/130545.169:ERROR:page_load_metrics_update_dispatcher.cc(76)] Invalid response_start 0.841 s for parse_start 0.836 s
8월 02, 2019 13:05:45.17 [5900:6096:0802/130545.169:ERROR:page_load_metrics_update_dispatcher.cc(76)] Invalid response_start 0.841 s for parse_start 0.836 s
8월 02, 2019 13:07:33.33 [5900:6096:0802/130733.331:ERROR:page_load_metrics_update_dispatcher.cc(76)] Invalid response_start 0.622 s for parse_start 0.619 s
8월 02, 2019 13:08:39.15 [5900:6096:0802/130839.158:ERROR:textfield.cc(1758)] NOT IMPLEMENTED
8월 02, 2019 13:09:38.52 [5900:6096:0802/130938.526:ERROR:page_load_metrics_update_dispatcher.cc(76)] Invalid response_start 0.667 s for parse_start 0.662 s
8월 02, 2019 13:09:38.52 [5900:6096:0802/130938.526:ERROR:page_load_metrics_update_dispatcher.cc(76)] Invalid response_start 0.667 s for parse_start 0.662 s
8월 02, 2019 13:09:39.52 [5900:6096:0802/130939.526:ERROR:page_load_metrics_update_dispatcher.cc(76)] Invalid response_start 0.667 s for parse_start 0.662 s
8월 02, 2019 13:09:40.52 [5900:6096:0802/130940.526:ERROR:page_load_metrics_update_dispatcher.cc(76)] Invalid response_start 0.667 s for parse_start 0.662 s
8월 02, 2019 13:09:44.57 [5900:6096:0802/130944.573:ERROR:page_load_metrics_update_dispatcher.cc(76)] Invalid response_start 0.667 s for parse_start 0.662 s
8월 02, 2019 13:09:44.57 [5900:6096:0802/130944.573:ERROR:page_load_metrics_update_dispatcher.cc(76)] Invalid response_start 0.667 s for parse_start 0.662 s
8월 02, 2019 13:10:05.68 [5900:6096:0802/131005.684:ERROR:page_load_metrics_update_dispatcher.cc(76)] Invalid response_start 0.667 s for parse_start 0.662 s
8월 02, 2019 13:10:06.68 [5900:6096:0802/131006.684:ERROR:page_load_metrics_update_dispatcher.cc(76)] Invalid response_start 0.667 s for parse_start 0.662 s
8월 02, 2019 13:12:54.29 [5900:6096:0802/131254.298:ERROR:page_load_metrics_update_dispatcher.cc(76)] Invalid response_start 0.622 s for parse_start 0.619 s
8월 02, 2019 13:13:27.54 [5900:6096:0802/131327.548:ERROR:page_load_metrics_update_dispatcher.cc(76)] Invalid response_start 0.667 s for parse_start 0.662 s
8월 02, 2019 13:13:38.80 [5900:6096:0802/131338.806:ERROR:page_load_metrics_update_dispatcher.cc(76)] Invalid response_start 0.075 s for parse_start 0.073 s
8월 02, 2019 13:13:38.80 [5900:6096:0802/131338.806:ERROR:page_load_metrics_update_dispatcher.cc(76)] Invalid response_start 0.075 s for parse_start 0.073 s
8월 02, 2019 13:13:38.96 [5900:6096:0802/131338.960:ERROR:page_load_metrics_update_dispatcher.cc(76)] Invalid response_start 0.099 s for parse_start 0.097 s
8월 02, 2019 13:13:38.96 [5900:6096:0802/131338.960:ERROR:page_load_metrics_update_dispatcher.cc(76)] Invalid response_start 0.099 s for parse_start 0.097 s
8월 02, 2019 13:13:39.95 [5900:6096:0802/131339.958:ERROR:page_load_metrics_update_dispatcher.cc(76)] Invalid response_start 0.099 s for parse_start 0.097 s
8월 02, 2019 13:13:40.95 [5900:6096:0802/131340.958:ERROR:page_load_metrics_update_dispatcher.cc(76)] Invalid response_start 0.099 s for parse_start 0.097 s
8월 02, 2019 13:13:42.83 [5900:6096:0802/131342.834:ERROR:page_load_metrics_update_dispatcher.cc(76)] Invalid response_start 0.099 s for parse_start 0.097 s
8월 02, 2019 13:13:43.83 [5900:6096:0802/131343.835:ERROR:page_load_metrics_update_dispatcher.cc(76)] Invalid response_start 0.099 s for parse_start 0.097 s
8월 02, 2019 13:13:51.62 [5900:6096:0802/131351.620:ERROR:page_load_metrics_update_dispatcher.cc(76)] Invalid response_start 0.099 s for parse_start 0.097 s
8월 02, 2019 13:13:53.76 [5900:6096:0802/131353.765:ERROR:page_load_metrics_update_dispatcher.cc(76)] Invalid response_start 0.099 s for parse_start 0.097 s
8월 02, 2019 13:13:53.76 [5900:6096:0802/131353.765:ERROR:page_load_metrics_update_dispatcher.cc(76)] Invalid response_start 0.099 s for parse_start 0.097 s
8월 02, 2019 13:13:53.95 [5900:6096:0802/131353.957:ERROR:page_load_metrics_update_dispatcher.cc(76)] Invalid response_start 0.05 s for parse_start 0.049 s
8월 02, 2019 13:13:53.96 [5900:6096:0802/131353.957:ERROR:page_load_metrics_update_dispatcher.cc(76)] Invalid response_start 0.05 s for parse_start 0.049 s
8월 02, 2019 13:13:54.94 [5900:6096:0802/131354.941:ERROR:page_load_metrics_update_dispatcher.cc(76)] Invalid response_start 0.05 s for parse_start 0.049 s
8월 02, 2019 13:13:55.94 [5900:6096:0802/131355.941:ERROR:page_load_metrics_update_dispatcher.cc(76)] Invalid response_start 0.05 s for parse_start 0.049 s
8월 02, 2019 13:13:59.94 [5900:6096:0802/131359.949:ERROR:page_load_metrics_update_dispatcher.cc(76)] Invalid response_start 0.05 s for parse_start 0.049 s
8월 02, 2019 13:13:59.95 [5900:6096:0802/131359.949:ERROR:page_load_metrics_update_dispatcher.cc(76)] Invalid response_start 0.05 s for parse_start 0.049 s
8월 02, 2019 13:14:34.98 [5900:6096:0802/131434.980:ERROR:page_load_metrics_update_dispatcher.cc(76)] Invalid response_start 0.05 s for parse_start 0.049 s
8월 02, 2019 13:18:44.80 [5900:6096:0802/131844.800:ERROR:page_load_metrics_update_dispatcher.cc(76)] Invalid response_start 0.275 s for parse_start 0.273 s
8월 02, 2019 13:18:44.80 [5900:6096:0802/131844.800:ERROR:page_load_metrics_update_dispatcher.cc(76)] Invalid response_start 0.275 s for parse_start 0.273 s
8월 02, 2019 13:18:47.58 [5900:6096:0802/131847.586:ERROR:page_load_metrics_update_dispatcher.cc(76)] Invalid response_start 0.275 s for parse_start 0.273 s
8월 02, 2019 13:18:48.58 [5900:6096:0802/131848.586:ERROR:page_load_metrics_update_dispatcher.cc(76)] Invalid response_start 0.275 s for parse_start 0.273 s
8월 02, 2019 13:18:48.62 [5900:6096:0802/131848.622:ERROR:page_load_metrics_update_dispatcher.cc(76)] Invalid response_start 0.275 s for parse_start 0.273 s
8월 02, 2019 13:18:49.62 [5900:6096:0802/131849.622:ERROR:page_load_metrics_update_dispatcher.cc(76)] Invalid response_start 0.275 s for parse_start 0.273 s
8월 02, 2019 13:18:49.65 [5900:6096:0802/131849.657:ERROR:page_load_metrics_update_dispatcher.cc(76)] Invalid response_start 0.275 s for parse_start 0.273 s
8월 02, 2019 13:18:50.72 [5900:6096:0802/131850.719:ERROR:page_load_metrics_update_dispatcher.cc(76)] Invalid response_start 0.275 s for parse_start 0.273 s
8월 02, 2019 13:18:50.72 [5900:6096:0802/131850.719:ERROR:page_load_metrics_update_dispatcher.cc(76)] Invalid response_start 0.275 s for parse_start 0.273 s
8월 02, 2019 13:18:52.33 [5900:6096:0802/131852.337:ERROR:page_load_metrics_update_dispatcher.cc(76)] Invalid response_start 0.275 s for parse_start 0.273 s
8월 02, 2019 13:18:55.07 [5900:6096:0802/131855.070:ERROR:page_load_metrics_update_dispatcher.cc(76)] Invalid response_start 0.275 s for parse_start 0.273 s
8월 02, 2019 13:18:55.07 [5900:6096:0802/131855.070:ERROR:page_load_metrics_update_dispatcher.cc(76)] Invalid response_start 0.275 s for parse_start 0.273 s
8월 02, 2019 13:19:09.29 [5900:6096:0802/131909.296:ERROR:page_load_metrics_update_dispatcher.cc(76)] Invalid response_start 0.622 s for parse_start 0.619 s
8월 02, 2019 13:24:05.70 [5900:6096:0802/132405.707:ERROR:page_load_metrics_update_dispatcher.cc(76)] Invalid response_start 0.05 s for parse_start 0.049 s
8월 02, 2019 13:24:05.71 [5900:6096:0802/132405.711:ERROR:page_load_metrics_update_dispatcher.cc(76)] Invalid response_start 0.05 s for parse_start 0.049 s
8월 02, 2019 13:24:05.75 [5900:6096:0802/132405.757:ERROR:page_load_metrics_update_dispatcher.cc(76)] Invalid response_start 0.064 s for parse_start 0.063 s
8월 02, 2019 13:24:05.76 [5900:6096:0802/132405.758:ERROR:page_load_metrics_update_dispatcher.cc(76)] Invalid response_start 0.064 s for parse_start 0.063 s
8월 02, 2019 13:24:05.96 [5900:6096:0802/132405.964:ERROR:page_load_metrics_update_dispatcher.cc(76)] Invalid response_start 0.041 s for parse_start 0.039 s
8월 02, 2019 13:24:05.96 [5900:6096:0802/132405.964:ERROR:page_load_metrics_update_dispatcher.cc(76)] Invalid response_start 0.041 s for parse_start 0.039 s
8월 02, 2019 13:24:06.96 [5900:6096:0802/132406.963:ERROR:page_load_metrics_update_dispatcher.cc(76)] Invalid response_start 0.041 s for parse_start 0.039 s
8월 02, 2019 13:24:07.18 [5900:6096:0802/132407.186:ERROR:page_load_metrics_update_dispatcher.cc(76)] Invalid response_start 0.041 s for parse_start 0.039 s
8월 02, 2019 13:24:07.21 [5900:6096:0802/132407.214:ERROR:page_load_metrics_update_dispatcher.cc(76)] Invalid response_start 0.041 s for parse_start 0.039 s
8월 02, 2019 13:25:03.29 [5900:6096:0802/132503.297:ERROR:page_load_metrics_update_dispatcher.cc(76)] Invalid response_start 0.622 s for parse_start 0.619 s
8월 02, 2019 13:26:45.00 [5900:6096:0802/132645.000:ERROR:page_load_metrics_update_dispatcher.cc(76)] Invalid response_start 0.064 s for parse_start 0.063 s
8월 02, 2019 13:26:45.00 [5900:6096:0802/132645.000:ERROR:page_load_metrics_update_dispatcher.cc(76)] Invalid response_start 0.064 s for parse_start 0.063 s
8월 02, 2019 13:26:46.00 [5900:6096:0802/132645.999:ERROR:page_load_metrics_update_dispatcher.cc(76)] Invalid response_start 0.064 s for parse_start 0.063 s
8월 02, 2019 13:26:46.99 [5900:6096:0802/132646.995:ERROR:page_load_metrics_update_dispatcher.cc(76)] Invalid response_start 0.064 s for parse_start 0.063 s
8월 02, 2019 13:26:47.02 [5900:6096:0802/132647.021:ERROR:page_load_metrics_update_dispatcher.cc(76)] Invalid response_start 0.064 s for parse_start 0.063 s
8월 02, 2019 13:28:23.49 [5900:1880:0802/132823.492:ERROR:platform_sensor_reader_win.cc(244)] NOT IMPLEMENTED
8월 02, 2019 13:30:33.29 [5900:6096:0802/133033.296:ERROR:page_load_metrics_update_dispatcher.cc(76)] Invalid response_start 0.622 s for parse_start 0.619 s
8월 02, 2019 13:32:54.30 [5900:6096:0802/133254.301:ERROR:page_load_metrics_update_dispatcher.cc(76)] Invalid response_start 0.016 s for parse_start 0.015 s
8월 02, 2019 13:32:54.30 [5900:6096:0802/133254.301:ERROR:page_load_metrics_update_dispatcher.cc(76)] Invalid response_start 0.016 s for parse_start 0.015 s
8월 02, 2019 13:32:54.44 [5900:6096:0802/133254.444:ERROR:page_load_metrics_update_dispatcher.cc(76)] Invalid response_start 0.113 s for parse_start 0.112 s
8월 02, 2019 13:32:54.44 [5900:6096:0802/133254.444:ERROR:page_load_metrics_update_dispatcher.cc(76)] Invalid response_start 0.113 s for parse_start 0.112 s
8월 02, 2019 13:32:55.00 [5900:6096:0802/133255.004:ERROR:page_load_metrics_update_dispatcher.cc(76)] Invalid response_start 0.113 s for parse_start 0.112 s
8월 02, 2019 13:32:55.00 [5900:6096:0802/133255.009:ERROR:page_load_metrics_update_dispatcher.cc(76)] Invalid response_start 0.113 s for parse_start 0.112 s
8월 02, 2019 13:36:07.08 [5900:6096:0802/133607.081:ERROR:page_load_metrics_update_dispatcher.cc(76)] Invalid response_start 0.084 s for parse_start 0.083 s
8월 02, 2019 13:36:08.08 [5900:6096:0802/133608.081:ERROR:page_load_metrics_update_dispatcher.cc(76)] Invalid response_start 0.084 s for parse_start 0.083 s
8월 02, 2019 13:36:09.02 [5900:6096:0802/133609.027:ERROR:page_load_metrics_update_dispatcher.cc(76)] Invalid response_start 0.084 s for parse_start 0.083 s
8월 02, 2019 13:36:09.03 [5900:6096:0802/133609.027:ERROR:page_load_metrics_update_dispatcher.cc(76)] Invalid response_start 0.084 s for parse_start 0.083 s
8월 02, 2019 13:36:13.05 [5900:6096:0802/133613.052:ERROR:page_load_metrics_update_dispatcher.cc(76)] Invalid response_start 0.084 s for parse_start 0.083 s
8월 02, 2019 13:36:13.05 [5900:6096:0802/133613.052:ERROR:page_load_metrics_update_dispatcher.cc(76)] Invalid response_start 0.084 s for parse_start 0.083 s
8월 02, 2019 13:36:29.18 [5900:6096:0802/133629.180:ERROR:page_load_metrics_update_dispatcher.cc(76)] Invalid response_start 0.084 s for parse_start 0.083 s
8월 02, 2019 13:36:50.30 [5900:6096:0802/133650.300:ERROR:page_load_metrics_update_dispatcher.cc(76)] Invalid response_start 0.084 s for parse_start 0.083 s
8월 02, 2019 13:36:57.29 [5900:6096:0802/133657.297:ERROR:page_load_metrics_update_dispatcher.cc(76)] Invalid response_start 0.622 s for parse_start 0.619 s
8월 02, 2019 13:42:42.32 [5900:6096:0802/134242.320:ERROR:page_load_metrics_update_dispatcher.cc(76)] Invalid response_start 0.622 s for parse_start 0.619 s
8월 02, 2019 13:49:24.29 [5900:6096:0802/134924.298:ERROR:page_load_metrics_update_dispatcher.cc(76)] Invalid response_start 0.622 s for parse_start 0.619 s
8월 02, 2019 13:56:18.30 [5900:6096:0802/135618.300:ERROR:page_load_metrics_update_dispatcher.cc(76)] Invalid response_start 0.622 s for parse_start 0.619 s
8월 02, 2019 14:02:57.29 [5900:6096:0802/140257.297:ERROR:page_load_metrics_update_dispatcher.cc(76)] Invalid response_start 0.622 s for parse_start 0.619 s
8월 02, 2019 14:09:27.31 [5900:6096:0802/140927.319:ERROR:page_load_metrics_update_dispatcher.cc(76)] Invalid response_start 0.622 s for parse_start 0.619 s
8월 02, 2019 14:16:09.29 [5900:6096:0802/141609.297:ERROR:page_load_metrics_update_dispatcher.cc(76)] Invalid response_start 0.622 s for parse_start 0.619 s
8월 02, 2019 14:23:06.29 [5900:6096:0802/142306.298:ERROR:page_load_metrics_update_dispatcher.cc(76)] Invalid response_start 0.622 s for parse_start 0.619 s
8월 02, 2019 14:28:45.29 [5900:6096:0802/142845.298:ERROR:page_load_metrics_update_dispatcher.cc(76)] Invalid response_start 0.622 s for parse_start 0.619 s
8월 02, 2019 14:34:51.29 [5900:6096:0802/143451.297:ERROR:page_load_metrics_update_dispatcher.cc(76)] Invalid response_start 0.622 s for parse_start 0.619 s
8월 02, 2019 14:38:05.76 [5900:6096:0802/143805.759:ERROR:page_load_metrics_update_dispatcher.cc(76)] Invalid response_start 0.021 s for parse_start 0.02 s
8월 02, 2019 14:38:05.76 [5900:6096:0802/143805.759:ERROR:page_load_metrics_update_dispatcher.cc(76)] Invalid response_start 0.021 s for parse_start 0.02 s
8월 02, 2019 14:38:06.76 [5900:6096:0802/143806.763:ERROR:page_load_metrics_update_dispatcher.cc(76)] Invalid response_start 0.021 s for parse_start 0.02 s
8월 02, 2019 14:38:07.76 [5900:6096:0802/143807.763:ERROR:page_load_metrics_update_dispatcher.cc(76)] Invalid response_start 0.021 s for parse_start 0.02 s
8월 02, 2019 14:38:07.76 [5900:6096:0802/143807.764:ERROR:page_load_metrics_update_dispatcher.cc(76)] Invalid response_start 0.021 s for parse_start 0.02 s
8월 02, 2019 14:38:07.76 [5900:6096:0802/143807.764:ERROR:page_load_metrics_update_dispatcher.cc(76)] Invalid response_start 0.021 s for parse_start 0.02 s
8월 02, 2019 14:40:06.13 [5900:6096:0802/144006.130:ERROR:page_load_metrics_update_dispatcher.cc(76)] Invalid response_start 0.181 s for parse_start 0.178 s
8월 02, 2019 14:40:06.13 [5900:6096:0802/144006.130:ERROR:page_load_metrics_update_dispatcher.cc(76)] Invalid response_start 0.181 s for parse_start 0.178 s
8월 02, 2019 14:40:06.37 [5900:6096:0802/144006.374:ERROR:page_load_metrics_update_dispatcher.cc(76)] Invalid response_start 0.226 s for parse_start 0.225 s
8월 02, 2019 14:40:06.37 [5900:6096:0802/144006.374:ERROR:page_load_metrics_update_dispatcher.cc(76)] Invalid response_start 0.226 s for parse_start 0.225 s
8월 02, 2019 14:40:07.47 [5900:6096:0802/144007.470:ERROR:page_load_metrics_update_dispatcher.cc(76)] Invalid response_start 0.226 s for parse_start 0.225 s
8월 02, 2019 14:40:08.47 [5900:6096:0802/144008.470:ERROR:page_load_metrics_update_dispatcher.cc(76)] Invalid response_start 0.226 s for parse_start 0.225 s
8월 02, 2019 14:40:08.64 [5900:6096:0802/144008.648:ERROR:page_load_metrics_update_dispatcher.cc(76)] Invalid response_start 0.226 s for parse_start 0.225 s
8월 02, 2019 14:40:08.65 [5900:6096:0802/144008.648:ERROR:page_load_metrics_update_dispatcher.cc(76)] Invalid response_start 0.226 s for parse_start 0.225 s
8월 02, 2019 14:40:10.41 [5900:6096:0802/144010.418:ERROR:page_load_metrics_update_dispatcher.cc(76)] Invalid response_start 0.226 s for parse_start 0.225 s
8월 02, 2019 14:40:11.89 [5900:6096:0802/144011.898:ERROR:page_load_metrics_update_dispatcher.cc(76)] Invalid response_start 0.023 s for parse_start 0.02 s
8월 02, 2019 14:40:11.90 [5900:6096:0802/144011.898:ERROR:page_load_metrics_update_dispatcher.cc(76)] Invalid response_start 0.023 s for parse_start 0.02 s
8월 02, 2019 14:40:12.92 [5900:6096:0802/144012.926:ERROR:page_load_metrics_update_dispatcher.cc(76)] Invalid response_start 0.023 s for parse_start 0.02 s
8월 02, 2019 14:40:14.02 [5900:6096:0802/144014.027:ERROR:page_load_metrics_update_dispatcher.cc(76)] Invalid response_start 0.023 s for parse_start 0.02 s
8월 02, 2019 14:40:14.42 [5900:6096:0802/144014.427:ERROR:page_load_metrics_update_dispatcher.cc(76)] Invalid response_start 0.023 s for parse_start 0.02 s
8월 02, 2019 14:40:18.21 [5900:6096:0802/144018.219:ERROR:page_load_metrics_update_dispatcher.cc(76)] Invalid response_start 0.023 s for parse_start 0.02 s
8월 02, 2019 14:40:18.22 [5900:6096:0802/144018.219:ERROR:page_load_metrics_update_dispatcher.cc(76)] Invalid response_start 0.023 s for parse_start 0.02 s
8월 02, 2019 14:41:39.29 [5900:6096:0802/144139.296:ERROR:page_load_metrics_update_dispatcher.cc(76)] Invalid response_start 0.622 s for parse_start 0.619 s
8월 02, 2019 14:48:33.29 [5900:6096:0802/144833.298:ERROR:page_load_metrics_update_dispatcher.cc(76)] Invalid response_start 0.622 s for parse_start 0.619 s
8월 02, 2019 14:48:35.71 [5900:6096:0802/144835.715:ERROR:page_load_metrics_update_dispatcher.cc(76)] Invalid response_start 0.023 s for parse_start 0.02 s
8월 02, 2019 14:48:37.38 [5900:6096:0802/144837.386:ERROR:page_load_metrics_update_dispatcher.cc(76)] Invalid response_start 0.023 s for parse_start 0.02 s
8월 02, 2019 14:48:40.04 [5900:6096:0802/144840.046:ERROR:page_load_metrics_update_dispatcher.cc(76)] Invalid response_start 0.023 s for parse_start 0.02 s
8월 02, 2019 14:48:42.17 [5900:6096:0802/144842.178:ERROR:page_load_metrics_update_dispatcher.cc(76)] Invalid response_start 0.023 s for parse_start 0.02 s
8월 02, 2019 14:48:47.53 [5900:6096:0802/144847.536:ERROR:page_load_metrics_update_dispatcher.cc(76)] Invalid response_start 0.023 s for parse_start 0.02 s
8월 02, 2019 14:55:09.29 [5900:6096:0802/145509.297:ERROR:page_load_metrics_update_dispatcher.cc(76)] Invalid response_start 0.622 s for parse_start 0.619 s
8월 02, 2019 15:00:49.68 [5900:6096:0802/150049.688:ERROR:page_load_metrics_update_dispatcher.cc(76)] Invalid response_start 0.02 s for parse_start 0.019 s
8월 02, 2019 15:00:49.69 [5900:6096:0802/150049.688:ERROR:page_load_metrics_update_dispatcher.cc(76)] Invalid response_start 0.02 s for parse_start 0.019 s
8월 02, 2019 15:00:50.69 [5900:6096:0802/150050.692:ERROR:page_load_metrics_update_dispatcher.cc(76)] Invalid response_start 0.02 s for parse_start 0.019 s
8월 02, 2019 15:00:51.69 [5900:6096:0802/150051.692:ERROR:page_load_metrics_update_dispatcher.cc(76)] Invalid response_start 0.02 s for parse_start 0.019 s
8월 02, 2019 15:00:51.80 [5900:6096:0802/150051.807:ERROR:page_load_metrics_update_dispatcher.cc(76)] Invalid response_start 0.02 s for parse_start 0.019 s
8월 02, 2019 15:00:51.81 [5900:6096:0802/150051.807:ERROR:page_load_metrics_update_dispatcher.cc(76)] Invalid response_start 0.02 s for parse_start 0.019 s
8월 02, 2019 15:00:56.20 [5900:6096:0802/150056.208:ERROR:page_load_metrics_update_dispatcher.cc(76)] Invalid response_start 0.02 s for parse_start 0.019 s
8월 02, 2019 15:00:56.21 [5900:6096:0802/150056.208:ERROR:page_load_metrics_update_dispatcher.cc(76)] Invalid response_start 0.02 s for parse_start 0.019 s
8월 02, 2019 15:01:36.30 [5900:6096:0802/150136.300:ERROR:page_load_metrics_update_dispatcher.cc(76)] Invalid response_start 0.622 s for parse_start 0.619 s
8월 02, 2019 15:08:36.29 [5900:6096:0802/150836.298:ERROR:page_load_metrics_update_dispatcher.cc(76)] Invalid response_start 0.622 s for parse_start 0.619 s
8월 02, 2019 15:15:18.29 [5900:6096:0802/151518.299:ERROR:page_load_metrics_update_dispatcher.cc(76)] Invalid response_start 0.622 s for parse_start 0.619 s
8월 02, 2019 15:22:21.29 [5900:6096:0802/152221.298:ERROR:page_load_metrics_update_dispatcher.cc(76)] Invalid response_start 0.622 s for parse_start 0.619 s
8월 02, 2019 15:29:24.29 [5900:6096:0802/152924.297:ERROR:page_load_metrics_update_dispatcher.cc(76)] Invalid response_start 0.622 s for parse_start 0.619 s
8월 02, 2019 15:35:24.30 [5900:6096:0802/153524.301:ERROR:page_load_metrics_update_dispatcher.cc(76)] Invalid response_start 0.622 s for parse_start 0.619 s
8월 02, 2019 15:41:36.30 [5900:6096:0802/154136.300:ERROR:page_load_metrics_update_dispatcher.cc(76)] Invalid response_start 0.622 s for parse_start 0.619 s
8월 02, 2019 15:47:39.29 [5900:6096:0802/154739.297:ERROR:page_load_metrics_update_dispatcher.cc(76)] Invalid response_start 0.622 s for parse_start 0.619 s
8월 02, 2019 15:54:18.29 [5900:6096:0802/155418.298:ERROR:page_load_metrics_update_dispatcher.cc(76)] Invalid response_start 0.622 s for parse_start 0.619 s
8월 02, 2019 16:00:30.29 [5900:6096:0802/160030.298:ERROR:page_load_metrics_update_dispatcher.cc(76)] Invalid response_start 0.622 s for parse_start 0.619 s
8월 02, 2019 16:07:00.29 [5900:6096:0802/160700.296:ERROR:page_load_metrics_update_dispatcher.cc(76)] Invalid response_start 0.622 s for parse_start 0.619 s
8월 02, 2019 16:13:57.29 [5900:6096:0802/161357.298:ERROR:page_load_metrics_update_dispatcher.cc(76)] Invalid response_start 0.622 s for parse_start 0.619 s
8월 02, 2019 16:20:05.49 [5900:6096:0802/162005.492:ERROR:page_load_metrics_update_dispatcher.cc(76)] Invalid response_start 0.122 s for parse_start 0.12 s
8월 02, 2019 16:20:05.49 [5900:6096:0802/162005.492:ERROR:page_load_metrics_update_dispatcher.cc(76)] Invalid response_start 0.122 s for parse_start 0.12 s
8월 02, 2019 16:20:06.59 [5900:6096:0802/162006.596:ERROR:page_load_metrics_update_dispatcher.cc(76)] Invalid response_start 0.122 s for parse_start 0.12 s
8월 02, 2019 16:20:07.59 [5900:6096:0802/162007.594:ERROR:page_load_metrics_update_dispatcher.cc(76)] Invalid response_start 0.122 s for parse_start 0.12 s
8월 02, 2019 16:20:07.59 [5900:6096:0802/162007.596:ERROR:page_load_metrics_update_dispatcher.cc(76)] Invalid response_start 0.122 s for parse_start 0.12 s
8월 02, 2019 16:20:08.80 [5900:6096:0802/162008.802:ERROR:page_load_metrics_update_dispatcher.cc(76)] Invalid response_start 0.122 s for parse_start 0.12 s
8월 02, 2019 16:20:09.24 [5900:6096:0802/162009.247:ERROR:page_load_metrics_update_dispatcher.cc(76)] Invalid response_start 0.122 s for parse_start 0.12 s
8월 02, 2019 16:20:36.29 [5900:6096:0802/162036.298:ERROR:page_load_metrics_update_dispatcher.cc(76)] Invalid response_start 0.622 s for parse_start 0.619 s
8월 02, 2019 16:26:39.29 [5900:6096:0802/162639.298:ERROR:page_load_metrics_update_dispatcher.cc(76)] Invalid response_start 0.622 s for parse_start 0.619 s
8월 02, 2019 16:33:03.29 [5900:6096:0802/163303.299:ERROR:page_load_metrics_update_dispatcher.cc(76)] Invalid response_start 0.622 s for parse_start 0.619 s
8월 02, 2019 16:39:42.29 [5900:6096:0802/163942.297:ERROR:page_load_metrics_update_dispatcher.cc(76)] Invalid response_start 0.622 s for parse_start 0.619 s
8월 02, 2019 16:46:05.61 [5900:6096:0802/164605.609:ERROR:page_load_metrics_update_dispatcher.cc(76)] Invalid response_start 0.024 s for parse_start 0.023 s
8월 02, 2019 16:46:05.61 [5900:6096:0802/164605.609:ERROR:page_load_metrics_update_dispatcher.cc(76)] Invalid response_start 0.024 s for parse_start 0.023 s
8월 02, 2019 16:46:06.61 [5900:6096:0802/164606.612:ERROR:page_load_metrics_update_dispatcher.cc(76)] Invalid response_start 0.024 s for parse_start 0.023 s
8월 02, 2019 16:46:07.61 [5900:6096:0802/164607.612:ERROR:page_load_metrics_update_dispatcher.cc(76)] Invalid response_start 0.024 s for parse_start 0.023 s
8월 02, 2019 16:46:07.89 [5900:6096:0802/164607.897:ERROR:page_load_metrics_update_dispatcher.cc(76)] Invalid response_start 0.024 s for parse_start 0.023 s
8월 02, 2019 16:46:08.89 [5900:6096:0802/164608.897:ERROR:page_load_metrics_update_dispatcher.cc(76)] Invalid response_start 0.024 s for parse_start 0.023 s
8월 02, 2019 16:46:09.29 [5900:6096:0802/164609.297:ERROR:page_load_metrics_update_dispatcher.cc(76)] Invalid response_start 0.622 s for parse_start 0.619 s
8월 02, 2019 16:46:09.79 [5900:6096:0802/164609.799:ERROR:page_load_metrics_update_dispatcher.cc(76)] Invalid response_start 0.024 s for parse_start 0.023 s
8월 02, 2019 16:52:51.29 [5900:6096:0802/165251.296:ERROR:page_load_metrics_update_dispatcher.cc(76)] Invalid response_start 0.622 s for parse_start 0.619 s
8월 02, 2019 16:59:33.29 [5900:6096:0802/165933.296:ERROR:page_load_metrics_update_dispatcher.cc(76)] Invalid response_start 0.622 s for parse_start 0.619 s
8월 02, 2019 17:05:22.13 [5900:1880:0802/170522.134:ERROR:platform_sensor_reader_win.cc(244)] NOT IMPLEMENTED
8월 02, 2019 17:06:21.29 [5900:6096:0802/170621.298:ERROR:page_load_metrics_update_dispatcher.cc(76)] Invalid response_start 0.622 s for parse_start 0.619 s
8월 02, 2019 17:13:30.30 [5900:6096:0802/171330.307:ERROR:page_load_metrics_update_dispatcher.cc(76)] Invalid response_start 0.622 s for parse_start 0.619 s
8월 02, 2019 17:19:21.29 [5900:6096:0802/171921.297:ERROR:page_load_metrics_update_dispatcher.cc(76)] Invalid response_start 0.622 s for parse_start 0.619 s
8월 02, 2019 17:25:12.29 [5900:6096:0802/172512.298:ERROR:page_load_metrics_update_dispatcher.cc(76)] Invalid response_start 0.622 s for parse_start 0.619 s
8월 02, 2019 17:30:42.29 [5900:6096:0802/173042.297:ERROR:page_load_metrics_update_dispatcher.cc(76)] Invalid response_start 0.622 s for parse_start 0.619 s
8월 02, 2019 17:36:03.29 [5900:6096:0802/173603.297:ERROR:page_load_metrics_update_dispatcher.cc(76)] Invalid response_start 0.622 s for parse_start 0.619 s
8월 02, 2019 17:41:51.29 [5900:6096:0802/174151.298:ERROR:page_load_metrics_update_dispatcher.cc(76)] Invalid response_start 0.622 s for parse_start 0.619 s
8월 02, 2019 17:48:00.29 [5900:6096:0802/174800.298:ERROR:page_load_metrics_update_dispatcher.cc(76)] Invalid response_start 0.622 s for parse_start 0.619 s
